<?xml version="1.0" encoding="UTF-8"?>
<!-- Generated by org.testng.reporters.JUnitReportReporter -->
<testsuite hostname="Deepaks-MacBook-Pro.local" name="TestCases.AppTest" tests="1" failures="0" timestamp="8 Sep 2018 06:52:40 GMT" time="52.210" errors="0">
  <testcase name="runTest" time="52.210" classname="TestCases.AppTest"/>
</testsuite> <!-- TestCases.AppTest -->
